<?xml version="1.0" encoding="UTF-8"?>
<testsuite name="TerminalTest" tests="4" skipped="0" failures="0" errors="0" timestamp="2016-12-27T08:58:45" hostname="SekiguchiKai-1.local" time="0.001">
  <properties/>
  <testcase name="receiveCommand" classname="TerminalTest" time="0.0"/>
  <testcase name="changeMovesToStone" classname="TerminalTest" time="0.0"/>
  <testcase name="drawResult" classname="TerminalTest" time="0.0"/>
  <testcase name="drawBoard" classname="TerminalTest" time="0.001"/>
  <system-out><![CDATA[]]></system-out>
  <system-err><![CDATA[]]></system-err>
</testsuite>
