<?xml version="1.0" encoding="UTF-8"?>
<testsuite name="jp.co.topgate.kai.sekiguchi.ox.calculator.MinMaxCalculatorTest" tests="2" skipped="0" failures="0" errors="0" timestamp="2017-01-04T06:15:58" hostname="SekiguchiKai-1.local" time="0.013">
  <properties/>
  <testcase name="makeCapableMoveList" classname="jp.co.topgate.kai.sekiguchi.ox.calculator.MinMaxCalculatorTest" time="0.004"/>
  <testcase name="calcMinMax" classname="jp.co.topgate.kai.sekiguchi.ox.calculator.MinMaxCalculatorTest" time="0.009"/>
  <system-out><![CDATA[]]></system-out>
  <system-err><![CDATA[]]></system-err>
</testsuite>
