<?xml version="1.0" encoding="UTF-8"?>
<testsuite name="BoardTest" tests="3" skipped="0" failures="0" errors="0" timestamp="2016-12-27T08:53:57" hostname="SekiguchiKai-1.local" time="0.012">
  <properties/>
  <testcase name="initGameBoard" classname="BoardTest" time="0.005"/>
  <testcase name="addMoves" classname="BoardTest" time="0.002"/>
  <testcase name="getGameBoard" classname="BoardTest" time="0.003"/>
  <system-out><![CDATA[]]></system-out>
  <system-err><![CDATA[]]></system-err>
</testsuite>
