<?xml version="1.0" encoding="UTF-8"?>
<testsuite name="jp.co.topgate.kai.sekiguchi.ox.calculator.MinMaxCalculatorTest" tests="2" skipped="0" failures="0" errors="0" timestamp="2016-12-28T03:04:20" hostname="SekiguchiKai-1.local" time="0.006">
  <properties/>
  <testcase name="makeCapableMoveList" classname="jp.co.topgate.kai.sekiguchi.ox.calculator.MinMaxCalculatorTest" time="0.002"/>
  <testcase name="calcMinMax" classname="jp.co.topgate.kai.sekiguchi.ox.calculator.MinMaxCalculatorTest" time="0.004"/>
  <system-out><![CDATA[]]></system-out>
  <system-err><![CDATA[]]></system-err>
</testsuite>
