<?xml version="1.0" encoding="UTF-8"?>
<testsuite name="NormalGameLogicTest" tests="3" skipped="0" failures="0" errors="0" timestamp="2016-12-20T04:18:26" hostname="SekiguchiKai-1.local" time="0.018">
  <properties/>
  <testcase name="decideOrder" classname="NormalGameLogicTest" time="0.017"/>
  <testcase name="playGame" classname="NormalGameLogicTest" time="0.0"/>
  <testcase name="judgeResult" classname="NormalGameLogicTest" time="0.0"/>
  <system-out><![CDATA[]]></system-out>
  <system-err><![CDATA[]]></system-err>
</testsuite>
