<?xml version="1.0" encoding="UTF-8"?>
<testsuite name="jp.co.topgate.kai.sekiguchi.ox.board.BoardTest" tests="3" skipped="0" failures="0" errors="0" timestamp="2017-01-04T06:15:58" hostname="SekiguchiKai-1.local" time="0.018">
  <properties/>
  <testcase name="initGameBoard" classname="jp.co.topgate.kai.sekiguchi.ox.board.BoardTest" time="0.009"/>
  <testcase name="getGameBoardState" classname="jp.co.topgate.kai.sekiguchi.ox.board.BoardTest" time="0.004"/>
  <testcase name="putMoves" classname="jp.co.topgate.kai.sekiguchi.ox.board.BoardTest" time="0.002"/>
  <system-out><![CDATA[]]></system-out>
  <system-err><![CDATA[]]></system-err>
</testsuite>
