<?xml version="1.0" encoding="UTF-8"?>
<testsuite name="jp.co.topgate.kai.sekiguchi.ox.board.BoardTest" tests="3" skipped="0" failures="0" errors="0" timestamp="2016-12-28T04:03:03" hostname="SekiguchiKai-1.local" time="0.011">
  <properties/>
  <testcase name="initGameBoard" classname="jp.co.topgate.kai.sekiguchi.ox.board.BoardTest" time="0.003"/>
  <testcase name="addMoves" classname="jp.co.topgate.kai.sekiguchi.ox.board.BoardTest" time="0.003"/>
  <testcase name="getGameBoard" classname="jp.co.topgate.kai.sekiguchi.ox.board.BoardTest" time="0.003"/>
  <system-out><![CDATA[]]></system-out>
  <system-err><![CDATA[]]></system-err>
</testsuite>
