<?xml version="1.0" encoding="UTF-8"?>
<testsuite name="ScoreCalculatorTest" tests="2" skipped="0" failures="0" errors="0" timestamp="2016-12-27T08:53:57" hostname="SekiguchiKai-1.local" time="0.0">
  <properties/>
  <testcase name="calcScore" classname="ScoreCalculatorTest" time="0.0"/>
  <testcase name="calcLineScore" classname="ScoreCalculatorTest" time="0.0"/>
  <system-out><![CDATA[]]></system-out>
  <system-err><![CDATA[]]></system-err>
</testsuite>
