<?xml version="1.0" encoding="UTF-8"?>
<testsuite name="NormalGameLogicTest" tests="3" skipped="0" failures="0" errors="0" timestamp="2016-12-20T07:15:15" hostname="SekiguchiKai-1.local" time="0.013">
  <properties/>
  <testcase name="decideOrder" classname="NormalGameLogicTest" time="0.01"/>
  <testcase name="playGame" classname="NormalGameLogicTest" time="0.002"/>
  <testcase name="judgeResult" classname="NormalGameLogicTest" time="0.001"/>
  <system-out><![CDATA[]]></system-out>
  <system-err><![CDATA[]]></system-err>
</testsuite>
