<?xml version="1.0" encoding="UTF-8"?>
<testsuite name="MinMaxLogicTest" tests="2" skipped="0" failures="0" errors="0" timestamp="2016-12-23T03:14:49" hostname="SekiguchiKai-1.local" time="0.028">
  <properties/>
  <testcase name="makeCapableMOveList" classname="MinMaxLogicTest" time="0.002"/>
  <testcase name="calcMinMax" classname="MinMaxLogicTest" time="0.026"/>
  <system-out><![CDATA[]]></system-out>
  <system-err><![CDATA[]]></system-err>
</testsuite>
