<?xml version="1.0" encoding="UTF-8"?>
<testsuite name="PlayBoardTest" tests="2" skipped="0" failures="0" errors="0" timestamp="2016-12-20T07:15:15" hostname="SekiguchiKai-1.local" time="0.012">
  <properties/>
  <testcase name="addMove" classname="PlayBoardTest" time="0.009"/>
  <testcase name="getMoveArray" classname="PlayBoardTest" time="0.003"/>
  <system-out><![CDATA[]]></system-out>
  <system-err><![CDATA[]]></system-err>
</testsuite>
