<?xml version="1.0" encoding="UTF-8"?>
<testsuite name="jp.co.topgate.kai.sekiguchi.ox.constantset.ResultTest" tests="1" skipped="0" failures="0" errors="0" timestamp="2017-01-17T06:24:15" hostname="SekiguchiKai-1.local" time="0.001">
  <properties/>
  <testcase name="getResult" classname="jp.co.topgate.kai.sekiguchi.ox.constantset.ResultTest" time="0.001"/>
  <system-out><![CDATA[]]></system-out>
  <system-err><![CDATA[]]></system-err>
</testsuite>
