<?xml version="1.0" encoding="UTF-8"?>
<testsuite name="CommandLineIOTest" tests="1" skipped="0" failures="0" errors="0" timestamp="2016-12-28T02:35:42" hostname="SekiguchiKai-1.local" time="0.001">
  <properties/>
  <testcase name="changeMovesToSignal" classname="CommandLineIOTest" time="0.001"/>
  <system-out><![CDATA[]]></system-out>
  <system-err><![CDATA[]]></system-err>
</testsuite>
