<?xml version="1.0" encoding="UTF-8"?>
<testsuite name="NormalGameLogicTest" tests="2" skipped="0" failures="0" errors="0" timestamp="2016-12-27T08:58:45" hostname="SekiguchiKai-1.local" time="0.003">
  <properties/>
  <testcase name="playGame" classname="NormalGameLogicTest" time="0.0"/>
  <testcase name="judgeResult" classname="NormalGameLogicTest" time="0.003"/>
  <system-out><![CDATA[]]></system-out>
  <system-err><![CDATA[]]></system-err>
</testsuite>
