<?xml version="1.0" encoding="UTF-8"?>
<testsuite name="MinMaxLogicTest" tests="2" skipped="0" failures="0" errors="0" timestamp="2016-12-27T08:15:26" hostname="SekiguchiKai-1.local" time="0.001">
  <properties/>
  <testcase name="makeCapableMOveList" classname="MinMaxLogicTest" time="0.0"/>
  <testcase name="calcMinMax" classname="MinMaxLogicTest" time="0.0"/>
  <system-out><![CDATA[]]></system-out>
  <system-err><![CDATA[]]></system-err>
</testsuite>
